<?xml version="1.0" encoding="UTF-8"?>
<testsuite xmlns:xsi="http://www.w3.org/2001/XMLSchema-instance" xsi:noNamespaceSchemaLocation="https://maven.apache.org/surefire/maven-surefire-plugin/xsd/surefire-test-report-3.0.xsd" version="3.0" name="com.luv2code.junitdemo.DemoUtilsTest" time="2.263" tests="10" errors="0" skipped="0" failures="0">
  <properties>
[...]
</properties>
  <testcase name="Timeout" classname="com.luv2code.junitdemo.DemoUtilsTest" time="2.126">
    <system-out><![CDATA[I am going to sleep
Sleeping over
]]></system-out>
  </testcase>
  <testcase name="Throws and Does Not Throw" classname="com.luv2code.junitdemo.DemoUtilsTest" time="0.008"/>
  <testcase name="Null and Not Null" classname="com.luv2code.junitdemo.DemoUtilsTest" time="0.005"/>
  <testcase name="Lines Match" classname="com.luv2code.junitdemo.DemoUtilsTest" time="0.011"/>
  <testcase name="Same and Not Same" classname="com.luv2code.junitdemo.DemoUtilsTest" time="0.004"/>
  <testcase name="Array Equals" classname="com.luv2code.junitdemo.DemoUtilsTest" time="0.008"/>
  <testcase name="True and False" classname="com.luv2code.junitdemo.DemoUtilsTest" time="0.005"/>
  <testcase name="Equals and not Equals" classname="com.luv2code.junitdemo.DemoUtilsTest" time="0.009"/>
  <testcase name="Iterable Equals" classname="com.luv2code.junitdemo.DemoUtilsTest" time="0.004"/>
  <testcase name="Multiply" classname="com.luv2code.junitdemo.DemoUtilsTest" time="0.002"/>
</testsuite>